>> Writing PID to tmp/pids/thin.3001.pid
>> Using rails adapter
>> Thin web server (v1.2.2 codename I Find Your Lack of Sauce Disturbing)
>> Maximum connections set to 1024
>> Listening on 0.0.0.0:3001, CTRL+C to stop
>> Exiting!
>> Writing PID to /home/graft/rails/PuzTube/puztube/tmp/pids/thin.3001.pid
>> Using rails adapter
>> Thin web server (v1.2.2 codename I Find Your Lack of Sauce Disturbing)
>> Maximum connections set to 1024
>> Listening on 0.0.0.0:3001, CTRL+C to stop
>> Exiting!
>> Writing PID to pids/thin.3001.pid
>> Using rails adapter
>> Thin web server (v1.2.2 codename I Find Your Lack of Sauce Disturbing)
>> Maximum connections set to 1024
>> Listening on 0.0.0.0:3001, CTRL+C to stop
>> Exiting!
>> Writing PID to pids/thin.3001.pid
>> Using rails adapter
>> Thin web server (v1.2.2 codename I Find Your Lack of Sauce Disturbing)
>> Maximum connections set to 1024
>> Listening on 0.0.0.0:3001, CTRL+C to stop
>> Exiting!
