>> Writing PID to tmp/pids/thin.3002.pid
>> Using rails adapter
>> Thin web server (v1.2.2 codename I Find Your Lack of Sauce Disturbing)
>> Maximum connections set to 1024
>> Listening on 0.0.0.0:3002, CTRL+C to stop
>> Exiting!
>> Writing PID to /home/graft/rails/PuzTube/puztube/tmp/pids/thin.3002.pid
>> Using rails adapter
>> Thin web server (v1.2.2 codename I Find Your Lack of Sauce Disturbing)
>> Maximum connections set to 1024
>> Listening on 0.0.0.0:3002, CTRL+C to stop
>> Exiting!
>> Writing PID to pids/thin.3002.pid
>> Using rails adapter
>> Thin web server (v1.2.2 codename I Find Your Lack of Sauce Disturbing)
>> Maximum connections set to 1024
>> Listening on 0.0.0.0:3002, CTRL+C to stop
>> Exiting!
>> Writing PID to pids/thin.3002.pid
>> Using rails adapter
>> Thin web server (v1.2.2 codename I Find Your Lack of Sauce Disturbing)
>> Maximum connections set to 1024
>> Listening on 0.0.0.0:3002, CTRL+C to stop
>> Exiting!
>> Writing PID to /home/graft/rails/PuzTube/puztube/tmp/pids/thin.3002.pid
>> Using rails adapter
>> Thin web server (v1.2.2 codename I Find Your Lack of Sauce Disturbing)
>> Maximum connections set to 1024
>> Listening on 0.0.0.0:3002, CTRL+C to stop
4.92189061666667 minutes ago
38.32945 seconds ago
108.695415969444 hours ago
21.0893256 minutes ago
81.1304229944444 hours ago
81.666705225 hours ago
26.9713832 minutes ago
0.021243 seconds ago
>> Waiting for 19 connection(s) to finish, can take up to 30 sec, CTRL+C to stop now
>> Writing PID to /home/graft/rails/PuzTube/puztube/tmp/pids/thin.3002.pid
>> Using rails adapter
>> Thin web server (v1.2.2 codename I Find Your Lack of Sauce Disturbing)
>> Maximum connections set to 1024
>> Listening on 0.0.0.0:3002, CTRL+C to stop
>> Exiting!
>> Writing PID to /home/graft/rails/PuzTube/puztube/tmp/pids/thin.3002.pid
>> Using rails adapter
>> Thin web server (v1.2.2 codename I Find Your Lack of Sauce Disturbing)
>> Maximum connections set to 1024
>> Listening on 0.0.0.0:3002, CTRL+C to stop
>> Waiting for 39 connection(s) to finish, can take up to 30 sec, CTRL+C to stop now
>> Writing PID to /home/graft/rails/PuzTube/puztube/tmp/pids/thin.3002.pid
>> Using rails adapter
>> Thin web server (v1.2.2 codename I Find Your Lack of Sauce Disturbing)
>> Maximum connections set to 1024
>> Listening on 0.0.0.0:3002, CTRL+C to stop
>> Waiting for 41 connection(s) to finish, can take up to 30 sec, CTRL+C to stop now
>> Writing PID to /home/graft/rails/PuzTube/puztube/tmp/pids/thin.3002.pid
>> Using rails adapter
>> Thin web server (v1.2.2 codename I Find Your Lack of Sauce Disturbing)
>> Maximum connections set to 1024
>> Listening on 0.0.0.0:3002, CTRL+C to stop
>> Writing PID to /home/graft/rails/PuzTube/puztube/tmp/pids/thin.3002.pid
>> Using rails adapter
>> Thin web server (v1.2.2 codename I Find Your Lack of Sauce Disturbing)
>> Maximum connections set to 1024
>> Listening on 0.0.0.0:3002, CTRL+C to stop
>> Writing PID to /home/graft/rails/PuzTube/puztube/tmp/pids/thin.3002.pid
>> Using rails adapter
>> Thin web server (v1.2.2 codename I Find Your Lack of Sauce Disturbing)
>> Maximum connections set to 1024
>> Listening on 0.0.0.0:3002, CTRL+C to stop
>> Writing PID to /home/graft/rails/PuzTube/puztube/tmp/pids/thin.3002.pid
>> Using rails adapter
>> Thin web server (v1.2.2 codename I Find Your Lack of Sauce Disturbing)
>> Maximum connections set to 1024
>> Listening on 0.0.0.0:3002, CTRL+C to stop
>> Writing PID to /home/graft/rails/PuzTube/puztube/tmp/pids/thin.3002.pid
>> Using rails adapter
>> Thin web server (v1.2.2 codename I Find Your Lack of Sauce Disturbing)
>> Maximum connections set to 1024
>> Listening on 0.0.0.0:3002, CTRL+C to stop
>> Writing PID to /home/graft/rails/PuzTube/puztube/tmp/pids/thin.3002.pid
>> Using rails adapter
>> Thin web server (v1.2.2 codename I Find Your Lack of Sauce Disturbing)
>> Maximum connections set to 1024
>> Listening on 0.0.0.0:3002, CTRL+C to stop
>> Writing PID to /home/graft/rails/PuzTube/puztube/tmp/pids/thin.3002.pid
>> Using rails adapter
>> Thin web server (v1.2.2 codename I Find Your Lack of Sauce Disturbing)
>> Maximum connections set to 1024
>> Listening on 0.0.0.0:3002, CTRL+C to stop
>> Writing PID to /home/graft/rails/PuzTube/puztube/tmp/pids/thin.3002.pid
>> Using rails adapter
>> Thin web server (v1.2.2 codename I Find Your Lack of Sauce Disturbing)
>> Maximum connections set to 1024
>> Listening on 0.0.0.0:3002, CTRL+C to stop
>> Writing PID to /home/graft/rails/PuzTube/puztube/tmp/pids/thin.3002.pid
>> Using rails adapter
>> Thin web server (v1.2.2 codename I Find Your Lack of Sauce Disturbing)
>> Maximum connections set to 1024
>> Listening on 0.0.0.0:3002, CTRL+C to stop
>> Writing PID to /home/graft/rails/PuzTube/puztube/tmp/pids/thin.3002.pid
>> Using rails adapter
>> Thin web server (v1.2.2 codename I Find Your Lack of Sauce Disturbing)
>> Maximum connections set to 1024
>> Listening on 0.0.0.0:3002, CTRL+C to stop
>> Writing PID to /home/graft/rails/PuzTube/puztube/tmp/pids/thin.3002.pid
>> Using rails adapter
>> Thin web server (v1.2.2 codename I Find Your Lack of Sauce Disturbing)
>> Maximum connections set to 1024
>> Listening on 0.0.0.0:3002, CTRL+C to stop
>> Writing PID to /home/graft/rails/PuzTube/puztube/tmp/pids/thin.3002.pid
>> Using rails adapter
>> Thin web server (v1.2.2 codename I Find Your Lack of Sauce Disturbing)
>> Maximum connections set to 1024
>> Listening on 0.0.0.0:3002, CTRL+C to stop
>> Writing PID to /home/graft/rails/PuzTube/puztube/tmp/pids/thin.3002.pid
>> Using rails adapter
>> Thin web server (v1.2.2 codename I Find Your Lack of Sauce Disturbing)
>> Maximum connections set to 1024
>> Listening on 0.0.0.0:3002, CTRL+C to stop
>> Writing PID to /home/graft/rails/PuzTube/puztube/tmp/pids/thin.3002.pid
>> Using rails adapter
>> Thin web server (v1.2.2 codename I Find Your Lack of Sauce Disturbing)
>> Maximum connections set to 1024
>> Listening on 0.0.0.0:3002, CTRL+C to stop
>> Writing PID to /home/graft/rails/PuzTube/puztube/tmp/pids/thin.3002.pid
>> Using rails adapter
>> Thin web server (v1.2.2 codename I Find Your Lack of Sauce Disturbing)
>> Maximum connections set to 1024
>> Listening on 0.0.0.0:3002, CTRL+C to stop
>> Writing PID to /home/graft/rails/PuzTube/puztube/tmp/pids/thin.3002.pid
>> Using rails adapter
>> Thin web server (v1.2.2 codename I Find Your Lack of Sauce Disturbing)
>> Maximum connections set to 1024
>> Listening on 0.0.0.0:3002, CTRL+C to stop
